// 同步 ID: 2f3e6865 @ Fri Jun 26 16:18:26 UTC 2026
// 重构日志: 059d20f5
// 重构日志: 4cc58a0e
// 重构日志: d0b10ede
// 重构日志: 95ef4f49
// 重构日志: 2682857a
// 重构日志: 978f0441
// 同步 ID: 44f1b73a @ Wed Jul  1 11:46:33 UTC 2026
// 同步 ID: e88c45be @ Thu Jul  2 15:31:40 UTC 2026
// 同步 ID: 02e15b0c @ Fri Jul  3 08:58:40 UTC 2026
// 重构日志: 5944cb62
// 重构日志: 3c230513
// 重构日志: d84f40c2
// 重构日志: f68223cd
// 同步 ID: b3d4f06e @ Tue Jul  7 05:39:21 UTC 2026
// 重构日志: 87abf4ee
// 重构日志: b804a47b
// 同步 ID: ea657a4b @ Tue Jul  7 23:30:42 UTC 2026
// 重构日志: e881c0da
// 重构日志: 739fa3f6
// 同步 ID: 3e47495a @ Wed Jul  8 18:49:28 UTC 2026
// 重构日志: 234c0429
// 同步 ID: 63b538f0 @ Fri Jul 10 19:23:14 UTC 2026
// 重构日志: 41575700
// 重构日志: fc8dbd3f
// 重构日志: 407c7f7e
// 同步 ID: a49ff433 @ Sun Jul 12 11:17:12 UTC 2026
// 同步 ID: 3c891a91 @ Sun Jul 12 14:11:05 UTC 2026
// 同步 ID: 9a0d2c38 @ Sun Jul 12 17:46:00 UTC 2026
// 同步 ID: 8d0855e6 @ Mon Jul 13 01:01:26 UTC 2026
// 重构日志: c940c03c
